[    2354ms] [WARNING] Failed to execute 'write' on 'Document': It isn't possible to write into a document from an asynchronously-loaded external script unless it is explicitly opened. @ https://securepubads.g.doubleclick.net/tag/js/gpt.js:10
[    2430ms] [WARNING] [GPT] Ignoring the setConfig.singleRequest() call since the service is already enabled.
https://goo.gle/gpt-message#60 @ https://securepubads.g.doubleclick.net/pagead/managed/js/gpt/m202602230102/pubads_impl.js?cb=31096979:18
[    2434ms] [WARNING] [GPT] Ignoring the setConfig.singleRequest() call since the service is already enabled.
https://goo.gle/gpt-message#60 @ https://securepubads.g.doubleclick.net/pagead/managed/js/gpt/m202602230102/pubads_impl.js?cb=31096979:18
[    2444ms] [WARNING] [GPT] This ad request is subject to Google's EU User Consent Policy. An IAB TCF signal was not received. This ad request will not be eligible for personalized ads.
https://goo.gle/gpt-message#175 @ https://securepubads.g.doubleclick.net/pagead/managed/js/gpt/m202602230102/pubads_impl.js?cb=31096979:18
[    2444ms] [WARNING] [GPT] This ad request is subject to Google's EU User Consent Policy. An IAB TCF signal was not received. This ad request will not be eligible for personalized ads.
https://goo.gle/gpt-message#175 @ https://securepubads.g.doubleclick.net/pagead/managed/js/gpt/m202602230102/pubads_impl.js?cb=31096979:18
[    2444ms] [WARNING] [GPT] This ad request is subject to Google's EU User Consent Policy. An IAB TCF signal was not received. This ad request will not be eligible for personalized ads.
https://goo.gle/gpt-message#175 @ https://securepubads.g.doubleclick.net/pagead/managed/js/gpt/m202602230102/pubads_impl.js?cb=31096979:18
[    2444ms] [WARNING] [GPT] This ad request is subject to Google's EU User Consent Policy. An IAB TCF signal was not received. This ad request will not be eligible for personalized ads.
https://goo.gle/gpt-message#175 @ https://securepubads.g.doubleclick.net/pagead/managed/js/gpt/m202602230102/pubads_impl.js?cb=31096979:18
[    2444ms] [WARNING] [GPT] This ad request is subject to Google's EU User Consent Policy. An IAB TCF signal was not received. This ad request will not be eligible for personalized ads.
https://goo.gle/gpt-message#175 @ https://securepubads.g.doubleclick.net/pagead/managed/js/gpt/m202602230102/pubads_impl.js?cb=31096979:18
[    2444ms] [WARNING] [GPT] This ad request is subject to Google's EU User Consent Policy. An IAB TCF signal was not received. This ad request will not be eligible for personalized ads.
https://goo.gle/gpt-message#175 @ https://securepubads.g.doubleclick.net/pagead/managed/js/gpt/m202602230102/pubads_impl.js?cb=31096979:18
[    3107ms] [WARNING] [GPT] This ad request is subject to Google's EU User Consent Policy. An IAB TCF signal was not received. This ad request will not be eligible for personalized ads.
https://goo.gle/gpt-message#175 @ https://securepubads.g.doubleclick.net/pagead/managed/js/gpt/m202602230102/pubads_impl.js?cb=31096979:18
[    3107ms] [WARNING] [GPT] This ad request is subject to Google's EU User Consent Policy. An IAB TCF signal was not received. This ad request will not be eligible for personalized ads.
https://goo.gle/gpt-message#175 @ https://securepubads.g.doubleclick.net/pagead/managed/js/gpt/m202602230102/pubads_impl.js?cb=31096979:18
[    3251ms] [WARNING] An iframe which has both allow-scripts and allow-same-origin for its sandbox attribute can escape its sandboxing. @ https://stories.usestoryteller.com/amp/20251030.4/amp-story-player-v0.js:1
[    3253ms] [WARNING] An iframe which has both allow-scripts and allow-same-origin for its sandbox attribute can escape its sandboxing. @ https://stories.usestoryteller.com/amp/20251030.4/amp-story-player-v0.js:1
